2016-12-14 15:23:37,931 INFO  [standard] mapping.LoadMapper mapData (LoadMapper.java:80) - Mapping for field PHOTOURL will be ignored since destination column is empty
2016-12-14 15:23:37,931 INFO  [standard] mapping.LoadMapper mapData (LoadMapper.java:80) - Mapping for field PARENTACCOUNTNUMBER_TVA__C will be ignored since destination column is empty
2016-12-14 15:23:37,931 INFO  [standard] mapping.LoadMapper mapData (LoadMapper.java:80) - Mapping for field CREATEDDATE will be ignored since destination column is empty
2016-12-14 15:23:37,931 INFO  [standard] mapping.LoadMapper mapData (LoadMapper.java:80) - Mapping for field LASTMODIFIEDBYID will be ignored since destination column is empty
2016-12-14 15:23:37,931 INFO  [standard] mapping.LoadMapper mapData (LoadMapper.java:80) - Mapping for field SECONDARYRECALLCONTACT_TVA__R.ID will be ignored since destination column is empty
2016-12-14 15:23:37,931 INFO  [standard] mapping.LoadMapper mapData (LoadMapper.java:80) - Mapping for field NUMBEROFSHIPTOADDRESS_TVCORE__C will be ignored since destination column is empty
2016-12-14 15:23:37,931 INFO  [standard] mapping.LoadMapper mapData (LoadMapper.java:80) - Mapping for field CREATEDBYID will be ignored since destination column is empty
2016-12-14 15:23:37,931 INFO  [standard] mapping.LoadMapper mapData (LoadMapper.java:80) - Mapping for field NEGOTIATED_CONVERTED_CURRENCY_AMOUNT1__C will be ignored since destination column is empty
2016-12-14 15:23:37,931 INFO  [standard] mapping.LoadMapper mapData (LoadMapper.java:80) - Mapping for field PARENT.EXTERNALID_TVCORE__C will be ignored since destination column is empty
2016-12-14 15:23:37,931 INFO  [standard] mapping.LoadMapper mapData (LoadMapper.java:80) - Mapping for field BUYINGBEHAVIOURETHICON_TVA__C will be ignored since destination column is empty
2016-12-14 15:23:37,932 INFO  [standard] mapping.LoadMapper mapData (LoadMapper.java:80) - Mapping for field ANNUAL_REVENUE_CONVERTED_CURRENCYAMOUNT1__C will be ignored since destination column is empty
2016-12-14 15:23:37,932 INFO  [standard] mapping.LoadMapper mapData (LoadMapper.java:80) - Mapping for field NUMBEROFBOTHADDRESS_TVCORE__C will be ignored since destination column is empty
2016-12-14 15:23:37,932 INFO  [standard] mapping.LoadMapper mapData (LoadMapper.java:80) - Mapping for field DATASOURCENAME_TVCORE__C will be ignored since destination column is empty
2016-12-14 15:23:37,932 INFO  [standard] mapping.LoadMapper mapData (LoadMapper.java:80) - Mapping for field BUYINGBEHAVIOURCSSSTATUS_TVA__C will be ignored since destination column is empty
2016-12-14 15:23:37,932 INFO  [standard] mapping.LoadMapper mapData (LoadMapper.java:80) - Mapping for field BUYINGBEHAVIOURDEPUYSYNTHES_TVA__C will be ignored since destination column is empty
2016-12-14 15:23:37,932 INFO  [standard] mapping.LoadMapper mapData (LoadMapper.java:80) - Mapping for field PRIMARYRECALLCONTACT_TVA__R.ID will be ignored since destination column is empty
2016-12-14 15:23:37,932 INFO  [standard] mapping.LoadMapper mapData (LoadMapper.java:80) - Mapping for field BUYINGBEHAVIOURCSS_TVA__C will be ignored since destination column is empty
2016-12-14 15:23:37,932 INFO  [standard] mapping.LoadMapper mapData (LoadMapper.java:80) - Mapping for field LASTVIEWEDDATE will be ignored since destination column is empty
2016-12-14 15:23:37,934 INFO  [standard] mapping.LoadMapper mapData (LoadMapper.java:80) - Mapping for field DATASOURCEID_TVCORE__C will be ignored since destination column is empty
2016-12-14 15:23:37,934 INFO  [standard] mapping.LoadMapper mapData (LoadMapper.java:80) - Mapping for field BUYINGBEHAVIOURETHICONSTATUS_TVA__C will be ignored since destination column is empty
2016-12-14 15:23:37,934 INFO  [standard] mapping.LoadMapper mapData (LoadMapper.java:80) - Mapping for field MASTERRECORD.EXTERNALID_TVCORE__C will be ignored since destination column is empty
2016-12-14 15:23:37,934 INFO  [standard] mapping.LoadMapper mapData (LoadMapper.java:80) - Mapping for field BILLINGADDRESS will be ignored since destination column is empty
2016-12-14 15:23:37,934 INFO  [standard] mapping.LoadMapper mapData (LoadMapper.java:80) - Mapping for field OWNERBUSINESSUNIT_TVA__C will be ignored since destination column is empty
2016-12-14 15:23:37,934 INFO  [standard] mapping.LoadMapper mapData (LoadMapper.java:80) - Mapping for field MASTERRECORDID will be ignored since destination column is empty
2016-12-14 15:23:37,934 INFO  [standard] mapping.LoadMapper mapData (LoadMapper.java:80) - Mapping for field CONNECTIONSENTID will be ignored since destination column is empty
2016-12-14 15:23:37,934 INFO  [standard] mapping.LoadMapper mapData (LoadMapper.java:80) - Mapping for field ISCUSTOMERPORTAL will be ignored since destination column is empty
2016-12-14 15:23:37,934 INFO  [standard] mapping.LoadMapper mapData (LoadMapper.java:80) - Mapping for field JIGSAWCOMPANYID will be ignored since destination column is empty
2016-12-14 15:23:37,934 INFO  [standard] mapping.LoadMapper mapData (LoadMapper.java:80) - Mapping for field PARENTID will be ignored since destination column is empty
2016-12-14 15:23:37,934 INFO  [standard] mapping.LoadMapper mapData (LoadMapper.java:80) - Mapping for field LASTACTIVITYDATE will be ignored since destination column is empty
2016-12-14 15:23:37,934 INFO  [standard] mapping.LoadMapper mapData (LoadMapper.java:80) - Mapping for field CONNECTIONRECEIVEDID will be ignored since destination column is empty
2016-12-14 15:23:37,940 INFO  [standard] mapping.LoadMapper mapData (LoadMapper.java:80) - Mapping for field NUMBEROFBILLTOADDRESS_TVCORE__C will be ignored since destination column is empty
2016-12-14 15:23:37,940 INFO  [standard] mapping.LoadMapper mapData (LoadMapper.java:80) - Mapping for field LASTREFERENCEDDATE will be ignored since destination column is empty
2016-12-14 15:23:37,940 INFO  [standard] mapping.LoadMapper mapData (LoadMapper.java:80) - Mapping for field SHIPPINGADDRESS will be ignored since destination column is empty
2016-12-14 15:23:37,940 INFO  [standard] mapping.LoadMapper mapData (LoadMapper.java:80) - Mapping for field SALESFORCECUSTOMER will be ignored since destination column is empty
2016-12-14 15:23:37,940 INFO  [standard] mapping.LoadMapper mapData (LoadMapper.java:80) - Mapping for field NUMBEROFTHEATRES_TVCORE__C will be ignored since destination column is empty
2016-12-14 15:23:37,940 INFO  [standard] mapping.LoadMapper mapData (LoadMapper.java:80) - Mapping for field SYSTEMMODSTAMP will be ignored since destination column is empty
2016-12-14 15:23:37,940 INFO  [standard] mapping.LoadMapper mapData (LoadMapper.java:80) - Mapping for field BUYINGBEHAVIOURDEPUYSYNTHESSTATUS_TVA__C will be ignored since destination column is empty
2016-12-14 15:23:37,940 INFO  [standard] mapping.LoadMapper mapData (LoadMapper.java:80) - Mapping for field ISDELETED will be ignored since destination column is empty
2016-12-14 15:23:37,941 INFO  [standard] mapping.LoadMapper mapData (LoadMapper.java:80) - Mapping for field LASTMODIFIEDDATE will be ignored since destination column is empty
2016-12-14 15:23:37,941 INFO  [standard] mapping.LoadMapper mapData (LoadMapper.java:80) - Mapping for field PHOTOURL will be ignored since destination column is empty
2016-12-14 15:23:37,941 INFO  [standard] mapping.LoadMapper mapData (LoadMapper.java:80) - Mapping for field PARENTACCOUNTNUMBER_TVA__C will be ignored since destination column is empty
2016-12-14 15:23:37,941 INFO  [standard] mapping.LoadMapper mapData (LoadMapper.java:80) - Mapping for field CREATEDDATE will be ignored since destination column is empty
2016-12-14 15:23:37,941 INFO  [standard] mapping.LoadMapper mapData (LoadMapper.java:80) - Mapping for field LASTMODIFIEDBYID will be ignored since destination column is empty
2016-12-14 15:23:37,941 INFO  [standard] mapping.LoadMapper mapData (LoadMapper.java:80) - Mapping for field SECONDARYRECALLCONTACT_TVA__R.ID will be ignored since destination column is empty
2016-12-14 15:23:37,941 INFO  [standard] mapping.LoadMapper mapData (LoadMapper.java:80) - Mapping for field NUMBEROFSHIPTOADDRESS_TVCORE__C will be ignored since destination column is empty
2016-12-14 15:23:37,941 INFO  [standard] mapping.LoadMapper mapData (LoadMapper.java:80) - Mapping for field CREATEDBYID will be ignored since destination column is empty
2016-12-14 15:23:37,941 INFO  [standard] mapping.LoadMapper mapData (LoadMapper.java:80) - Mapping for field NEGOTIATED_CONVERTED_CURRENCY_AMOUNT1__C will be ignored since destination column is empty
2016-12-14 15:23:37,941 INFO  [standard] mapping.LoadMapper mapData (LoadMapper.java:80) - Mapping for field PARENT.EXTERNALID_TVCORE__C will be ignored since destination column is empty
2016-12-14 15:23:37,941 INFO  [standard] mapping.LoadMapper mapData (LoadMapper.java:80) - Mapping for field BUYINGBEHAVIOURETHICON_TVA__C will be ignored since destination column is empty
2016-12-14 15:23:37,941 INFO  [standard] mapping.LoadMapper mapData (LoadMapper.java:80) - Mapping for field ANNUAL_REVENUE_CONVERTED_CURRENCYAMOUNT1__C will be ignored since destination column is empty
2016-12-14 15:23:37,942 INFO  [standard] mapping.LoadMapper mapData (LoadMapper.java:80) - Mapping for field NUMBEROFBOTHADDRESS_TVCORE__C will be ignored since destination column is empty
2016-12-14 15:23:37,942 INFO  [standard] mapping.LoadMapper mapData (LoadMapper.java:80) - Mapping for field DATASOURCENAME_TVCORE__C will be ignored since destination column is empty
2016-12-14 15:23:37,942 INFO  [standard] mapping.LoadMapper mapData (LoadMapper.java:80) - Mapping for field BUYINGBEHAVIOURCSSSTATUS_TVA__C will be ignored since destination column is empty
2016-12-14 15:23:37,942 INFO  [standard] mapping.LoadMapper mapData (LoadMapper.java:80) - Mapping for field BUYINGBEHAVIOURDEPUYSYNTHES_TVA__C will be ignored since destination column is empty
2016-12-14 15:23:37,942 INFO  [standard] mapping.LoadMapper mapData (LoadMapper.java:80) - Mapping for field PRIMARYRECALLCONTACT_TVA__R.ID will be ignored since destination column is empty
2016-12-14 15:23:37,942 INFO  [standard] mapping.LoadMapper mapData (LoadMapper.java:80) - Mapping for field BUYINGBEHAVIOURCSS_TVA__C will be ignored since destination column is empty
2016-12-14 15:23:37,942 INFO  [standard] mapping.LoadMapper mapData (LoadMapper.java:80) - Mapping for field LASTVIEWEDDATE will be ignored since destination column is empty
2016-12-14 15:23:37,942 INFO  [standard] mapping.LoadMapper mapData (LoadMapper.java:80) - Mapping for field DATASOURCEID_TVCORE__C will be ignored since destination column is empty
2016-12-14 15:23:37,942 INFO  [standard] mapping.LoadMapper mapData (LoadMapper.java:80) - Mapping for field BUYINGBEHAVIOURETHICONSTATUS_TVA__C will be ignored since destination column is empty
2016-12-14 15:23:37,942 INFO  [standard] mapping.LoadMapper mapData (LoadMapper.java:80) - Mapping for field MASTERRECORD.EXTERNALID_TVCORE__C will be ignored since destination column is empty
2016-12-14 15:23:37,942 INFO  [standard] mapping.LoadMapper mapData (LoadMapper.java:80) - Mapping for field BILLINGADDRESS will be ignored since destination column is empty
2016-12-14 15:23:37,942 INFO  [standard] mapping.LoadMapper mapData (LoadMapper.java:80) - Mapping for field OWNERBUSINESSUNIT_TVA__C will be ignored since destination column is empty
2016-12-14 15:23:37,942 INFO  [standard] mapping.LoadMapper mapData (LoadMapper.java:80) - Mapping for field MASTERRECORDID will be ignored since destination column is empty
2016-12-14 15:23:37,942 INFO  [standard] mapping.LoadMapper mapData (LoadMapper.java:80) - Mapping for field CONNECTIONSENTID will be ignored since destination column is empty
2016-12-14 15:23:37,943 INFO  [standard] mapping.LoadMapper mapData (LoadMapper.java:80) - Mapping for field ISCUSTOMERPORTAL will be ignored since destination column is empty
2016-12-14 15:23:37,943 INFO  [standard] mapping.LoadMapper mapData (LoadMapper.java:80) - Mapping for field JIGSAWCOMPANYID will be ignored since destination column is empty
2016-12-14 15:23:37,943 INFO  [standard] mapping.LoadMapper mapData (LoadMapper.java:80) - Mapping for field PARENTID will be ignored since destination column is empty
2016-12-14 15:23:37,943 INFO  [standard] mapping.LoadMapper mapData (LoadMapper.java:80) - Mapping for field LASTACTIVITYDATE will be ignored since destination column is empty
2016-12-14 15:23:37,943 INFO  [standard] mapping.LoadMapper mapData (LoadMapper.java:80) - Mapping for field CONNECTIONRECEIVEDID will be ignored since destination column is empty
2016-12-14 15:23:37,947 INFO  [standard] mapping.LoadMapper mapData (LoadMapper.java:80) - Mapping for field NUMBEROFBILLTOADDRESS_TVCORE__C will be ignored since destination column is empty
2016-12-14 15:23:37,947 INFO  [standard] mapping.LoadMapper mapData (LoadMapper.java:80) - Mapping for field LASTREFERENCEDDATE will be ignored since destination column is empty
2016-12-14 15:23:37,948 INFO  [standard] mapping.LoadMapper mapData (LoadMapper.java:80) - Mapping for field SHIPPINGADDRESS will be ignored since destination column is empty
2016-12-14 15:23:37,948 INFO  [standard] mapping.LoadMapper mapData (LoadMapper.java:80) - Mapping for field SALESFORCECUSTOMER will be ignored since destination column is empty
2016-12-14 15:23:37,948 INFO  [standard] mapping.LoadMapper mapData (LoadMapper.java:80) - Mapping for field NUMBEROFTHEATRES_TVCORE__C will be ignored since destination column is empty
2016-12-14 15:23:37,948 INFO  [standard] mapping.LoadMapper mapData (LoadMapper.java:80) - Mapping for field SYSTEMMODSTAMP will be ignored since destination column is empty
2016-12-14 15:23:37,948 INFO  [standard] mapping.LoadMapper mapData (LoadMapper.java:80) - Mapping for field BUYINGBEHAVIOURDEPUYSYNTHESSTATUS_TVA__C will be ignored since destination column is empty
2016-12-14 15:23:37,948 INFO  [standard] mapping.LoadMapper mapData (LoadMapper.java:80) - Mapping for field ISDELETED will be ignored since destination column is empty
2016-12-14 15:23:37,948 INFO  [standard] mapping.LoadMapper mapData (LoadMapper.java:80) - Mapping for field LASTMODIFIEDDATE will be ignored since destination column is empty
2016-12-14 15:23:37,948 INFO  [standard] mapping.LoadMapper mapData (LoadMapper.java:80) - Mapping for field PHOTOURL will be ignored since destination column is empty
2016-12-14 15:23:37,948 INFO  [standard] mapping.LoadMapper mapData (LoadMapper.java:80) - Mapping for field PARENTACCOUNTNUMBER_TVA__C will be ignored since destination column is empty
2016-12-14 15:23:37,948 INFO  [standard] mapping.LoadMapper mapData (LoadMapper.java:80) - Mapping for field CREATEDDATE will be ignored since destination column is empty
2016-12-14 15:23:37,948 INFO  [standard] mapping.LoadMapper mapData (LoadMapper.java:80) - Mapping for field LASTMODIFIEDBYID will be ignored since destination column is empty
2016-12-14 15:23:37,948 INFO  [standard] mapping.LoadMapper mapData (LoadMapper.java:80) - Mapping for field SECONDARYRECALLCONTACT_TVA__R.ID will be ignored since destination column is empty
2016-12-14 15:23:37,948 INFO  [standard] mapping.LoadMapper mapData (LoadMapper.java:80) - Mapping for field NUMBEROFSHIPTOADDRESS_TVCORE__C will be ignored since destination column is empty
2016-12-14 15:23:37,948 INFO  [standard] mapping.LoadMapper mapData (LoadMapper.java:80) - Mapping for field CREATEDBYID will be ignored since destination column is empty
2016-12-14 15:23:37,949 INFO  [standard] mapping.LoadMapper mapData (LoadMapper.java:80) - Mapping for field NEGOTIATED_CONVERTED_CURRENCY_AMOUNT1__C will be ignored since destination column is empty
2016-12-14 15:23:37,949 INFO  [standard] mapping.LoadMapper mapData (LoadMapper.java:80) - Mapping for field PARENT.EXTERNALID_TVCORE__C will be ignored since destination column is empty
2016-12-14 15:23:37,949 INFO  [standard] mapping.LoadMapper mapData (LoadMapper.java:80) - Mapping for field BUYINGBEHAVIOURETHICON_TVA__C will be ignored since destination column is empty
2016-12-14 15:23:37,949 INFO  [standard] mapping.LoadMapper mapData (LoadMapper.java:80) - Mapping for field ANNUAL_REVENUE_CONVERTED_CURRENCYAMOUNT1__C will be ignored since destination column is empty
2016-12-14 15:23:37,949 INFO  [standard] mapping.LoadMapper mapData (LoadMapper.java:80) - Mapping for field NUMBEROFBOTHADDRESS_TVCORE__C will be ignored since destination column is empty
2016-12-14 15:23:37,949 INFO  [standard] mapping.LoadMapper mapData (LoadMapper.java:80) - Mapping for field DATASOURCENAME_TVCORE__C will be ignored since destination column is empty
2016-12-14 15:23:37,949 INFO  [standard] mapping.LoadMapper mapData (LoadMapper.java:80) - Mapping for field BUYINGBEHAVIOURCSSSTATUS_TVA__C will be ignored since destination column is empty
2016-12-14 15:23:37,949 INFO  [standard] mapping.LoadMapper mapData (LoadMapper.java:80) - Mapping for field BUYINGBEHAVIOURDEPUYSYNTHES_TVA__C will be ignored since destination column is empty
2016-12-14 15:23:37,949 INFO  [standard] mapping.LoadMapper mapData (LoadMapper.java:80) - Mapping for field PRIMARYRECALLCONTACT_TVA__R.ID will be ignored since destination column is empty
2016-12-14 15:23:37,949 INFO  [standard] mapping.LoadMapper mapData (LoadMapper.java:80) - Mapping for field BUYINGBEHAVIOURCSS_TVA__C will be ignored since destination column is empty
2016-12-14 15:23:37,949 INFO  [standard] mapping.LoadMapper mapData (LoadMapper.java:80) - Mapping for field LASTVIEWEDDATE will be ignored since destination column is empty
2016-12-14 15:23:37,949 INFO  [standard] mapping.LoadMapper mapData (LoadMapper.java:80) - Mapping for field DATASOURCEID_TVCORE__C will be ignored since destination column is empty
2016-12-14 15:23:37,950 INFO  [standard] mapping.LoadMapper mapData (LoadMapper.java:80) - Mapping for field BUYINGBEHAVIOURETHICONSTATUS_TVA__C will be ignored since destination column is empty
2016-12-14 15:23:37,950 INFO  [standard] mapping.LoadMapper mapData (LoadMapper.java:80) - Mapping for field MASTERRECORD.EXTERNALID_TVCORE__C will be ignored since destination column is empty
2016-12-14 15:23:37,950 INFO  [standard] mapping.LoadMapper mapData (LoadMapper.java:80) - Mapping for field BILLINGADDRESS will be ignored since destination column is empty
2016-12-14 15:23:37,950 INFO  [standard] mapping.LoadMapper mapData (LoadMapper.java:80) - Mapping for field OWNERBUSINESSUNIT_TVA__C will be ignored since destination column is empty
2016-12-14 15:23:37,950 INFO  [standard] mapping.LoadMapper mapData (LoadMapper.java:80) - Mapping for field MASTERRECORDID will be ignored since destination column is empty
2016-12-14 15:23:37,950 INFO  [standard] mapping.LoadMapper mapData (LoadMapper.java:80) - Mapping for field CONNECTIONSENTID will be ignored since destination column is empty
2016-12-14 15:23:37,950 INFO  [standard] mapping.LoadMapper mapData (LoadMapper.java:80) - Mapping for field ISCUSTOMERPORTAL will be ignored since destination column is empty
2016-12-14 15:23:37,950 INFO  [standard] mapping.LoadMapper mapData (LoadMapper.java:80) - Mapping for field JIGSAWCOMPANYID will be ignored since destination column is empty
2016-12-14 15:23:37,950 INFO  [standard] mapping.LoadMapper mapData (LoadMapper.java:80) - Mapping for field PARENTID will be ignored since destination column is empty
2016-12-14 15:23:37,950 INFO  [standard] mapping.LoadMapper mapData (LoadMapper.java:80) - Mapping for field LASTACTIVITYDATE will be ignored since destination column is empty
2016-12-14 15:23:37,950 INFO  [standard] mapping.LoadMapper mapData (LoadMapper.java:80) - Mapping for field CONNECTIONRECEIVEDID will be ignored since destination column is empty
2016-12-14 15:23:37,956 INFO  [standard] mapping.LoadMapper mapData (LoadMapper.java:80) - Mapping for field NUMBEROFBILLTOADDRESS_TVCORE__C will be ignored since destination column is empty
2016-12-14 15:23:37,956 INFO  [standard] mapping.LoadMapper mapData (LoadMapper.java:80) - Mapping for field LASTREFERENCEDDATE will be ignored since destination column is empty
2016-12-14 15:23:37,957 INFO  [standard] mapping.LoadMapper mapData (LoadMapper.java:80) - Mapping for field SHIPPINGADDRESS will be ignored since destination column is empty
2016-12-14 15:23:37,957 INFO  [standard] mapping.LoadMapper mapData (LoadMapper.java:80) - Mapping for field SALESFORCECUSTOMER will be ignored since destination column is empty
2016-12-14 15:23:37,957 INFO  [standard] mapping.LoadMapper mapData (LoadMapper.java:80) - Mapping for field NUMBEROFTHEATRES_TVCORE__C will be ignored since destination column is empty
2016-12-14 15:23:37,957 INFO  [standard] mapping.LoadMapper mapData (LoadMapper.java:80) - Mapping for field SYSTEMMODSTAMP will be ignored since destination column is empty
2016-12-14 15:23:37,957 INFO  [standard] mapping.LoadMapper mapData (LoadMapper.java:80) - Mapping for field BUYINGBEHAVIOURDEPUYSYNTHESSTATUS_TVA__C will be ignored since destination column is empty
2016-12-14 15:23:37,957 INFO  [standard] mapping.LoadMapper mapData (LoadMapper.java:80) - Mapping for field ISDELETED will be ignored since destination column is empty
2016-12-14 15:23:37,957 INFO  [standard] mapping.LoadMapper mapData (LoadMapper.java:80) - Mapping for field LASTMODIFIEDDATE will be ignored since destination column is empty
2016-12-14 15:23:37,957 INFO  [standard] mapping.LoadMapper mapData (LoadMapper.java:80) - Mapping for field PHOTOURL will be ignored since destination column is empty
2016-12-14 15:23:37,957 INFO  [standard] mapping.LoadMapper mapData (LoadMapper.java:80) - Mapping for field PARENTACCOUNTNUMBER_TVA__C will be ignored since destination column is empty
2016-12-14 15:23:37,957 INFO  [standard] mapping.LoadMapper mapData (LoadMapper.java:80) - Mapping for field CREATEDDATE will be ignored since destination column is empty
2016-12-14 15:23:37,957 INFO  [standard] mapping.LoadMapper mapData (LoadMapper.java:80) - Mapping for field LASTMODIFIEDBYID will be ignored since destination column is empty
2016-12-14 15:23:37,957 INFO  [standard] mapping.LoadMapper mapData (LoadMapper.java:80) - Mapping for field SECONDARYRECALLCONTACT_TVA__R.ID will be ignored since destination column is empty
2016-12-14 15:23:37,957 INFO  [standard] mapping.LoadMapper mapData (LoadMapper.java:80) - Mapping for field NUMBEROFSHIPTOADDRESS_TVCORE__C will be ignored since destination column is empty
2016-12-14 15:23:37,957 INFO  [standard] mapping.LoadMapper mapData (LoadMapper.java:80) - Mapping for field CREATEDBYID will be ignored since destination column is empty
2016-12-14 15:23:37,958 INFO  [standard] mapping.LoadMapper mapData (LoadMapper.java:80) - Mapping for field NEGOTIATED_CONVERTED_CURRENCY_AMOUNT1__C will be ignored since destination column is empty
2016-12-14 15:23:37,958 INFO  [standard] mapping.LoadMapper mapData (LoadMapper.java:80) - Mapping for field PARENT.EXTERNALID_TVCORE__C will be ignored since destination column is empty
2016-12-14 15:23:37,958 INFO  [standard] mapping.LoadMapper mapData (LoadMapper.java:80) - Mapping for field BUYINGBEHAVIOURETHICON_TVA__C will be ignored since destination column is empty
2016-12-14 15:23:37,958 INFO  [standard] mapping.LoadMapper mapData (LoadMapper.java:80) - Mapping for field ANNUAL_REVENUE_CONVERTED_CURRENCYAMOUNT1__C will be ignored since destination column is empty
2016-12-14 15:23:37,958 INFO  [standard] mapping.LoadMapper mapData (LoadMapper.java:80) - Mapping for field NUMBEROFBOTHADDRESS_TVCORE__C will be ignored since destination column is empty
2016-12-14 15:23:37,958 INFO  [standard] mapping.LoadMapper mapData (LoadMapper.java:80) - Mapping for field DATASOURCENAME_TVCORE__C will be ignored since destination column is empty
2016-12-14 15:23:37,958 INFO  [standard] mapping.LoadMapper mapData (LoadMapper.java:80) - Mapping for field BUYINGBEHAVIOURCSSSTATUS_TVA__C will be ignored since destination column is empty
2016-12-14 15:23:37,958 INFO  [standard] mapping.LoadMapper mapData (LoadMapper.java:80) - Mapping for field BUYINGBEHAVIOURDEPUYSYNTHES_TVA__C will be ignored since destination column is empty
2016-12-14 15:23:37,958 INFO  [standard] mapping.LoadMapper mapData (LoadMapper.java:80) - Mapping for field PRIMARYRECALLCONTACT_TVA__R.ID will be ignored since destination column is empty
2016-12-14 15:23:37,958 INFO  [standard] mapping.LoadMapper mapData (LoadMapper.java:80) - Mapping for field BUYINGBEHAVIOURCSS_TVA__C will be ignored since destination column is empty
2016-12-14 15:23:37,958 INFO  [standard] mapping.LoadMapper mapData (LoadMapper.java:80) - Mapping for field LASTVIEWEDDATE will be ignored since destination column is empty
2016-12-14 15:23:37,959 INFO  [standard] mapping.LoadMapper mapData (LoadMapper.java:80) - Mapping for field DATASOURCEID_TVCORE__C will be ignored since destination column is empty
2016-12-14 15:23:37,959 INFO  [standard] mapping.LoadMapper mapData (LoadMapper.java:80) - Mapping for field BUYINGBEHAVIOURETHICONSTATUS_TVA__C will be ignored since destination column is empty
2016-12-14 15:23:37,959 INFO  [standard] mapping.LoadMapper mapData (LoadMapper.java:80) - Mapping for field MASTERRECORD.EXTERNALID_TVCORE__C will be ignored since destination column is empty
2016-12-14 15:23:37,959 INFO  [standard] mapping.LoadMapper mapData (LoadMapper.java:80) - Mapping for field BILLINGADDRESS will be ignored since destination column is empty
2016-12-14 15:23:37,959 INFO  [standard] mapping.LoadMapper mapData (LoadMapper.java:80) - Mapping for field OWNERBUSINESSUNIT_TVA__C will be ignored since destination column is empty
2016-12-14 15:23:37,959 INFO  [standard] mapping.LoadMapper mapData (LoadMapper.java:80) - Mapping for field MASTERRECORDID will be ignored since destination column is empty
2016-12-14 15:23:37,959 INFO  [standard] mapping.LoadMapper mapData (LoadMapper.java:80) - Mapping for field CONNECTIONSENTID will be ignored since destination column is empty
2016-12-14 15:23:37,959 INFO  [standard] mapping.LoadMapper mapData (LoadMapper.java:80) - Mapping for field ISCUSTOMERPORTAL will be ignored since destination column is empty
2016-12-14 15:23:37,959 INFO  [standard] mapping.LoadMapper mapData (LoadMapper.java:80) - Mapping for field JIGSAWCOMPANYID will be ignored since destination column is empty
2016-12-14 15:23:37,959 INFO  [standard] mapping.LoadMapper mapData (LoadMapper.java:80) - Mapping for field PARENTID will be ignored since destination column is empty
2016-12-14 15:23:37,959 INFO  [standard] mapping.LoadMapper mapData (LoadMapper.java:80) - Mapping for field LASTACTIVITYDATE will be ignored since destination column is empty
2016-12-14 15:23:37,959 INFO  [standard] mapping.LoadMapper mapData (LoadMapper.java:80) - Mapping for field CONNECTIONRECEIVEDID will be ignored since destination column is empty
2016-12-14 15:23:37,964 INFO  [standard] mapping.LoadMapper mapData (LoadMapper.java:80) - Mapping for field NUMBEROFBILLTOADDRESS_TVCORE__C will be ignored since destination column is empty
2016-12-14 15:23:37,964 INFO  [standard] mapping.LoadMapper mapData (LoadMapper.java:80) - Mapping for field LASTREFERENCEDDATE will be ignored since destination column is empty
2016-12-14 15:23:37,964 INFO  [standard] mapping.LoadMapper mapData (LoadMapper.java:80) - Mapping for field SHIPPINGADDRESS will be ignored since destination column is empty
2016-12-14 15:23:37,964 INFO  [standard] mapping.LoadMapper mapData (LoadMapper.java:80) - Mapping for field SALESFORCECUSTOMER will be ignored since destination column is empty
2016-12-14 15:23:37,964 INFO  [standard] mapping.LoadMapper mapData (LoadMapper.java:80) - Mapping for field NUMBEROFTHEATRES_TVCORE__C will be ignored since destination column is empty
2016-12-14 15:23:37,964 INFO  [standard] mapping.LoadMapper mapData (LoadMapper.java:80) - Mapping for field SYSTEMMODSTAMP will be ignored since destination column is empty
2016-12-14 15:23:37,964 INFO  [standard] mapping.LoadMapper mapData (LoadMapper.java:80) - Mapping for field BUYINGBEHAVIOURDEPUYSYNTHESSTATUS_TVA__C will be ignored since destination column is empty
2016-12-14 15:23:37,964 INFO  [standard] mapping.LoadMapper mapData (LoadMapper.java:80) - Mapping for field ISDELETED will be ignored since destination column is empty
2016-12-14 15:23:37,964 INFO  [standard] mapping.LoadMapper mapData (LoadMapper.java:80) - Mapping for field LASTMODIFIEDDATE will be ignored since destination column is empty
2016-12-14 15:23:37,965 INFO  [standard] mapping.LoadMapper mapData (LoadMapper.java:80) - Mapping for field PHOTOURL will be ignored since destination column is empty
2016-12-14 15:23:37,965 INFO  [standard] mapping.LoadMapper mapData (LoadMapper.java:80) - Mapping for field PARENTACCOUNTNUMBER_TVA__C will be ignored since destination column is empty
2016-12-14 15:23:37,965 INFO  [standard] mapping.LoadMapper mapData (LoadMapper.java:80) - Mapping for field CREATEDDATE will be ignored since destination column is empty
2016-12-14 15:23:37,965 INFO  [standard] mapping.LoadMapper mapData (LoadMapper.java:80) - Mapping for field LASTMODIFIEDBYID will be ignored since destination column is empty
2016-12-14 15:23:37,965 INFO  [standard] mapping.LoadMapper mapData (LoadMapper.java:80) - Mapping for field SECONDARYRECALLCONTACT_TVA__R.ID will be ignored since destination column is empty
2016-12-14 15:23:37,965 INFO  [standard] mapping.LoadMapper mapData (LoadMapper.java:80) - Mapping for field NUMBEROFSHIPTOADDRESS_TVCORE__C will be ignored since destination column is empty
2016-12-14 15:23:37,965 INFO  [standard] mapping.LoadMapper mapData (LoadMapper.java:80) - Mapping for field CREATEDBYID will be ignored since destination column is empty
2016-12-14 15:23:37,965 INFO  [standard] mapping.LoadMapper mapData (LoadMapper.java:80) - Mapping for field NEGOTIATED_CONVERTED_CURRENCY_AMOUNT1__C will be ignored since destination column is empty
2016-12-14 15:23:37,965 INFO  [standard] mapping.LoadMapper mapData (LoadMapper.java:80) - Mapping for field PARENT.EXTERNALID_TVCORE__C will be ignored since destination column is empty
2016-12-14 15:23:37,965 INFO  [standard] mapping.LoadMapper mapData (LoadMapper.java:80) - Mapping for field BUYINGBEHAVIOURETHICON_TVA__C will be ignored since destination column is empty
2016-12-14 15:23:37,965 INFO  [standard] mapping.LoadMapper mapData (LoadMapper.java:80) - Mapping for field ANNUAL_REVENUE_CONVERTED_CURRENCYAMOUNT1__C will be ignored since destination column is empty
2016-12-14 15:23:37,965 INFO  [standard] mapping.LoadMapper mapData (LoadMapper.java:80) - Mapping for field NUMBEROFBOTHADDRESS_TVCORE__C will be ignored since destination column is empty
2016-12-14 15:23:37,966 INFO  [standard] mapping.LoadMapper mapData (LoadMapper.java:80) - Mapping for field DATASOURCENAME_TVCORE__C will be ignored since destination column is empty
2016-12-14 15:23:37,966 INFO  [standard] mapping.LoadMapper mapData (LoadMapper.java:80) - Mapping for field BUYINGBEHAVIOURCSSSTATUS_TVA__C will be ignored since destination column is empty
2016-12-14 15:23:37,966 INFO  [standard] mapping.LoadMapper mapData (LoadMapper.java:80) - Mapping for field BUYINGBEHAVIOURDEPUYSYNTHES_TVA__C will be ignored since destination column is empty
2016-12-14 15:23:37,966 INFO  [standard] mapping.LoadMapper mapData (LoadMapper.java:80) - Mapping for field PRIMARYRECALLCONTACT_TVA__R.ID will be ignored since destination column is empty
2016-12-14 15:23:37,966 INFO  [standard] mapping.LoadMapper mapData (LoadMapper.java:80) - Mapping for field BUYINGBEHAVIOURCSS_TVA__C will be ignored since destination column is empty
2016-12-14 15:23:37,966 INFO  [standard] mapping.LoadMapper mapData (LoadMapper.java:80) - Mapping for field LASTVIEWEDDATE will be ignored since destination column is empty
2016-12-14 15:23:37,966 INFO  [standard] mapping.LoadMapper mapData (LoadMapper.java:80) - Mapping for field DATASOURCEID_TVCORE__C will be ignored since destination column is empty
2016-12-14 15:23:37,966 INFO  [standard] mapping.LoadMapper mapData (LoadMapper.java:80) - Mapping for field BUYINGBEHAVIOURETHICONSTATUS_TVA__C will be ignored since destination column is empty
2016-12-14 15:23:37,966 INFO  [standard] mapping.LoadMapper mapData (LoadMapper.java:80) - Mapping for field MASTERRECORD.EXTERNALID_TVCORE__C will be ignored since destination column is empty
2016-12-14 15:23:37,966 INFO  [standard] mapping.LoadMapper mapData (LoadMapper.java:80) - Mapping for field BILLINGADDRESS will be ignored since destination column is empty
2016-12-14 15:23:37,966 INFO  [standard] mapping.LoadMapper mapData (LoadMapper.java:80) - Mapping for field OWNERBUSINESSUNIT_TVA__C will be ignored since destination column is empty
2016-12-14 15:23:37,966 INFO  [standard] mapping.LoadMapper mapData (LoadMapper.java:80) - Mapping for field MASTERRECORDID will be ignored since destination column is empty
2016-12-14 15:23:37,966 INFO  [standard] mapping.LoadMapper mapData (LoadMapper.java:80) - Mapping for field CONNECTIONSENTID will be ignored since destination column is empty
2016-12-14 15:23:37,967 INFO  [standard] mapping.LoadMapper mapData (LoadMapper.java:80) - Mapping for field ISCUSTOMERPORTAL will be ignored since destination column is empty
2016-12-14 15:23:37,967 INFO  [standard] mapping.LoadMapper mapData (LoadMapper.java:80) - Mapping for field JIGSAWCOMPANYID will be ignored since destination column is empty
2016-12-14 15:23:37,967 INFO  [standard] mapping.LoadMapper mapData (LoadMapper.java:80) - Mapping for field PARENTID will be ignored since destination column is empty
2016-12-14 15:23:37,967 INFO  [standard] mapping.LoadMapper mapData (LoadMapper.java:80) - Mapping for field LASTACTIVITYDATE will be ignored since destination column is empty
2016-12-14 15:23:37,967 INFO  [standard] mapping.LoadMapper mapData (LoadMapper.java:80) - Mapping for field CONNECTIONRECEIVEDID will be ignored since destination column is empty
2016-12-14 15:23:37,971 INFO  [standard] mapping.LoadMapper mapData (LoadMapper.java:80) - Mapping for field NUMBEROFBILLTOADDRESS_TVCORE__C will be ignored since destination column is empty
2016-12-14 15:23:37,972 INFO  [standard] mapping.LoadMapper mapData (LoadMapper.java:80) - Mapping for field LASTREFERENCEDDATE will be ignored since destination column is empty
2016-12-14 15:23:37,972 INFO  [standard] mapping.LoadMapper mapData (LoadMapper.java:80) - Mapping for field SHIPPINGADDRESS will be ignored since destination column is empty
2016-12-14 15:23:37,972 INFO  [standard] mapping.LoadMapper mapData (LoadMapper.java:80) - Mapping for field SALESFORCECUSTOMER will be ignored since destination column is empty
2016-12-14 15:23:37,972 INFO  [standard] mapping.LoadMapper mapData (LoadMapper.java:80) - Mapping for field NUMBEROFTHEATRES_TVCORE__C will be ignored since destination column is empty
2016-12-14 15:23:37,972 INFO  [standard] mapping.LoadMapper mapData (LoadMapper.java:80) - Mapping for field SYSTEMMODSTAMP will be ignored since destination column is empty
2016-12-14 15:23:37,972 INFO  [standard] mapping.LoadMapper mapData (LoadMapper.java:80) - Mapping for field BUYINGBEHAVIOURDEPUYSYNTHESSTATUS_TVA__C will be ignored since destination column is empty
2016-12-14 15:23:37,972 INFO  [standard] mapping.LoadMapper mapData (LoadMapper.java:80) - Mapping for field ISDELETED will be ignored since destination column is empty
2016-12-14 15:23:37,972 INFO  [standard] mapping.LoadMapper mapData (LoadMapper.java:80) - Mapping for field LASTMODIFIEDDATE will be ignored since destination column is empty
2016-12-14 15:23:37,974 INFO  [standard] mapping.LoadMapper mapData (LoadMapper.java:80) - Mapping for field PHOTOURL will be ignored since destination column is empty
2016-12-14 15:23:37,974 INFO  [standard] mapping.LoadMapper mapData (LoadMapper.java:80) - Mapping for field PARENTACCOUNTNUMBER_TVA__C will be ignored since destination column is empty
2016-12-14 15:23:37,974 INFO  [standard] mapping.LoadMapper mapData (LoadMapper.java:80) - Mapping for field CREATEDDATE will be ignored since destination column is empty
2016-12-14 15:23:37,974 INFO  [standard] mapping.LoadMapper mapData (LoadMapper.java:80) - Mapping for field LASTMODIFIEDBYID will be ignored since destination column is empty
2016-12-14 15:23:37,974 INFO  [standard] mapping.LoadMapper mapData (LoadMapper.java:80) - Mapping for field SECONDARYRECALLCONTACT_TVA__R.ID will be ignored since destination column is empty
2016-12-14 15:23:37,974 INFO  [standard] mapping.LoadMapper mapData (LoadMapper.java:80) - Mapping for field NUMBEROFSHIPTOADDRESS_TVCORE__C will be ignored since destination column is empty
2016-12-14 15:23:37,974 INFO  [standard] mapping.LoadMapper mapData (LoadMapper.java:80) - Mapping for field CREATEDBYID will be ignored since destination column is empty
2016-12-14 15:23:37,974 INFO  [standard] mapping.LoadMapper mapData (LoadMapper.java:80) - Mapping for field NEGOTIATED_CONVERTED_CURRENCY_AMOUNT1__C will be ignored since destination column is empty
2016-12-14 15:23:37,974 INFO  [standard] mapping.LoadMapper mapData (LoadMapper.java:80) - Mapping for field PARENT.EXTERNALID_TVCORE__C will be ignored since destination column is empty
2016-12-14 15:23:37,974 INFO  [standard] mapping.LoadMapper mapData (LoadMapper.java:80) - Mapping for field BUYINGBEHAVIOURETHICON_TVA__C will be ignored since destination column is empty
2016-12-14 15:23:37,974 INFO  [standard] mapping.LoadMapper mapData (LoadMapper.java:80) - Mapping for field ANNUAL_REVENUE_CONVERTED_CURRENCYAMOUNT1__C will be ignored since destination column is empty
2016-12-14 15:23:37,974 INFO  [standard] mapping.LoadMapper mapData (LoadMapper.java:80) - Mapping for field NUMBEROFBOTHADDRESS_TVCORE__C will be ignored since destination column is empty
2016-12-14 15:23:37,975 INFO  [standard] mapping.LoadMapper mapData (LoadMapper.java:80) - Mapping for field DATASOURCENAME_TVCORE__C will be ignored since destination column is empty
2016-12-14 15:23:37,975 INFO  [standard] mapping.LoadMapper mapData (LoadMapper.java:80) - Mapping for field BUYINGBEHAVIOURCSSSTATUS_TVA__C will be ignored since destination column is empty
2016-12-14 15:23:37,975 INFO  [standard] mapping.LoadMapper mapData (LoadMapper.java:80) - Mapping for field BUYINGBEHAVIOURDEPUYSYNTHES_TVA__C will be ignored since destination column is empty
2016-12-14 15:23:37,975 INFO  [standard] mapping.LoadMapper mapData (LoadMapper.java:80) - Mapping for field PRIMARYRECALLCONTACT_TVA__R.ID will be ignored since destination column is empty
2016-12-14 15:23:37,975 INFO  [standard] mapping.LoadMapper mapData (LoadMapper.java:80) - Mapping for field BUYINGBEHAVIOURCSS_TVA__C will be ignored since destination column is empty
2016-12-14 15:23:37,975 INFO  [standard] mapping.LoadMapper mapData (LoadMapper.java:80) - Mapping for field LASTVIEWEDDATE will be ignored since destination column is empty
2016-12-14 15:23:37,975 INFO  [standard] mapping.LoadMapper mapData (LoadMapper.java:80) - Mapping for field DATASOURCEID_TVCORE__C will be ignored since destination column is empty
2016-12-14 15:23:37,975 INFO  [standard] mapping.LoadMapper mapData (LoadMapper.java:80) - Mapping for field BUYINGBEHAVIOURETHICONSTATUS_TVA__C will be ignored since destination column is empty
2016-12-14 15:23:37,975 INFO  [standard] mapping.LoadMapper mapData (LoadMapper.java:80) - Mapping for field MASTERRECORD.EXTERNALID_TVCORE__C will be ignored since destination column is empty
2016-12-14 15:23:37,975 INFO  [standard] mapping.LoadMapper mapData (LoadMapper.java:80) - Mapping for field BILLINGADDRESS will be ignored since destination column is empty
2016-12-14 15:23:37,975 INFO  [standard] mapping.LoadMapper mapData (LoadMapper.java:80) - Mapping for field OWNERBUSINESSUNIT_TVA__C will be ignored since destination column is empty
2016-12-14 15:23:37,976 INFO  [standard] mapping.LoadMapper mapData (LoadMapper.java:80) - Mapping for field MASTERRECORDID will be ignored since destination column is empty
2016-12-14 15:23:37,976 INFO  [standard] mapping.LoadMapper mapData (LoadMapper.java:80) - Mapping for field CONNECTIONSENTID will be ignored since destination column is empty
2016-12-14 15:23:37,976 INFO  [standard] mapping.LoadMapper mapData (LoadMapper.java:80) - Mapping for field ISCUSTOMERPORTAL will be ignored since destination column is empty
2016-12-14 15:23:37,976 INFO  [standard] mapping.LoadMapper mapData (LoadMapper.java:80) - Mapping for field JIGSAWCOMPANYID will be ignored since destination column is empty
2016-12-14 15:23:37,976 INFO  [standard] mapping.LoadMapper mapData (LoadMapper.java:80) - Mapping for field PARENTID will be ignored since destination column is empty
2016-12-14 15:23:37,976 INFO  [standard] mapping.LoadMapper mapData (LoadMapper.java:80) - Mapping for field LASTACTIVITYDATE will be ignored since destination column is empty
2016-12-14 15:23:37,976 INFO  [standard] mapping.LoadMapper mapData (LoadMapper.java:80) - Mapping for field CONNECTIONRECEIVEDID will be ignored since destination column is empty
2016-12-14 15:23:37,981 INFO  [standard] mapping.LoadMapper mapData (LoadMapper.java:80) - Mapping for field NUMBEROFBILLTOADDRESS_TVCORE__C will be ignored since destination column is empty
2016-12-14 15:23:37,981 INFO  [standard] mapping.LoadMapper mapData (LoadMapper.java:80) - Mapping for field LASTREFERENCEDDATE will be ignored since destination column is empty
2016-12-14 15:23:37,981 INFO  [standard] mapping.LoadMapper mapData (LoadMapper.java:80) - Mapping for field SHIPPINGADDRESS will be ignored since destination column is empty
2016-12-14 15:23:37,981 INFO  [standard] mapping.LoadMapper mapData (LoadMapper.java:80) - Mapping for field SALESFORCECUSTOMER will be ignored since destination column is empty
2016-12-14 15:23:37,981 INFO  [standard] mapping.LoadMapper mapData (LoadMapper.java:80) - Mapping for field NUMBEROFTHEATRES_TVCORE__C will be ignored since destination column is empty
2016-12-14 15:23:37,981 INFO  [standard] mapping.LoadMapper mapData (LoadMapper.java:80) - Mapping for field SYSTEMMODSTAMP will be ignored since destination column is empty
2016-12-14 15:23:37,981 INFO  [standard] mapping.LoadMapper mapData (LoadMapper.java:80) - Mapping for field BUYINGBEHAVIOURDEPUYSYNTHESSTATUS_TVA__C will be ignored since destination column is empty
2016-12-14 15:23:37,981 INFO  [standard] mapping.LoadMapper mapData (LoadMapper.java:80) - Mapping for field ISDELETED will be ignored since destination column is empty
2016-12-14 15:23:37,981 INFO  [standard] mapping.LoadMapper mapData (LoadMapper.java:80) - Mapping for field LASTMODIFIEDDATE will be ignored since destination column is empty
2016-12-14 15:23:37,981 INFO  [standard] mapping.LoadMapper mapData (LoadMapper.java:80) - Mapping for field PHOTOURL will be ignored since destination column is empty
2016-12-14 15:23:37,981 INFO  [standard] mapping.LoadMapper mapData (LoadMapper.java:80) - Mapping for field PARENTACCOUNTNUMBER_TVA__C will be ignored since destination column is empty
2016-12-14 15:23:37,982 INFO  [standard] mapping.LoadMapper mapData (LoadMapper.java:80) - Mapping for field CREATEDDATE will be ignored since destination column is empty
2016-12-14 15:23:37,982 INFO  [standard] mapping.LoadMapper mapData (LoadMapper.java:80) - Mapping for field LASTMODIFIEDBYID will be ignored since destination column is empty
2016-12-14 15:23:37,982 INFO  [standard] mapping.LoadMapper mapData (LoadMapper.java:80) - Mapping for field SECONDARYRECALLCONTACT_TVA__R.ID will be ignored since destination column is empty
2016-12-14 15:23:37,982 INFO  [standard] mapping.LoadMapper mapData (LoadMapper.java:80) - Mapping for field NUMBEROFSHIPTOADDRESS_TVCORE__C will be ignored since destination column is empty
2016-12-14 15:23:37,982 INFO  [standard] mapping.LoadMapper mapData (LoadMapper.java:80) - Mapping for field CREATEDBYID will be ignored since destination column is empty
2016-12-14 15:23:37,982 INFO  [standard] mapping.LoadMapper mapData (LoadMapper.java:80) - Mapping for field NEGOTIATED_CONVERTED_CURRENCY_AMOUNT1__C will be ignored since destination column is empty
2016-12-14 15:23:37,982 INFO  [standard] mapping.LoadMapper mapData (LoadMapper.java:80) - Mapping for field PARENT.EXTERNALID_TVCORE__C will be ignored since destination column is empty
2016-12-14 15:23:37,982 INFO  [standard] mapping.LoadMapper mapData (LoadMapper.java:80) - Mapping for field BUYINGBEHAVIOURETHICON_TVA__C will be ignored since destination column is empty
2016-12-14 15:23:37,982 INFO  [standard] mapping.LoadMapper mapData (LoadMapper.java:80) - Mapping for field ANNUAL_REVENUE_CONVERTED_CURRENCYAMOUNT1__C will be ignored since destination column is empty
2016-12-14 15:23:37,982 INFO  [standard] mapping.LoadMapper mapData (LoadMapper.java:80) - Mapping for field NUMBEROFBOTHADDRESS_TVCORE__C will be ignored since destination column is empty
2016-12-14 15:23:37,982 INFO  [standard] mapping.LoadMapper mapData (LoadMapper.java:80) - Mapping for field DATASOURCENAME_TVCORE__C will be ignored since destination column is empty
2016-12-14 15:23:37,982 INFO  [standard] mapping.LoadMapper mapData (LoadMapper.java:80) - Mapping for field BUYINGBEHAVIOURCSSSTATUS_TVA__C will be ignored since destination column is empty
2016-12-14 15:23:37,983 INFO  [standard] mapping.LoadMapper mapData (LoadMapper.java:80) - Mapping for field BUYINGBEHAVIOURDEPUYSYNTHES_TVA__C will be ignored since destination column is empty
2016-12-14 15:23:37,983 INFO  [standard] mapping.LoadMapper mapData (LoadMapper.java:80) - Mapping for field PRIMARYRECALLCONTACT_TVA__R.ID will be ignored since destination column is empty
2016-12-14 15:23:37,983 INFO  [standard] mapping.LoadMapper mapData (LoadMapper.java:80) - Mapping for field BUYINGBEHAVIOURCSS_TVA__C will be ignored since destination column is empty
2016-12-14 15:23:37,983 INFO  [standard] mapping.LoadMapper mapData (LoadMapper.java:80) - Mapping for field LASTVIEWEDDATE will be ignored since destination column is empty
2016-12-14 15:23:37,983 INFO  [standard] mapping.LoadMapper mapData (LoadMapper.java:80) - Mapping for field DATASOURCEID_TVCORE__C will be ignored since destination column is empty
2016-12-14 15:23:37,983 INFO  [standard] mapping.LoadMapper mapData (LoadMapper.java:80) - Mapping for field BUYINGBEHAVIOURETHICONSTATUS_TVA__C will be ignored since destination column is empty
2016-12-14 15:23:37,983 INFO  [standard] mapping.LoadMapper mapData (LoadMapper.java:80) - Mapping for field MASTERRECORD.EXTERNALID_TVCORE__C will be ignored since destination column is empty
2016-12-14 15:23:37,983 INFO  [standard] mapping.LoadMapper mapData (LoadMapper.java:80) - Mapping for field BILLINGADDRESS will be ignored since destination column is empty
2016-12-14 15:23:37,983 INFO  [standard] mapping.LoadMapper mapData (LoadMapper.java:80) - Mapping for field OWNERBUSINESSUNIT_TVA__C will be ignored since destination column is empty
2016-12-14 15:23:37,983 INFO  [standard] mapping.LoadMapper mapData (LoadMapper.java:80) - Mapping for field MASTERRECORDID will be ignored since destination column is empty
2016-12-14 15:23:37,983 INFO  [standard] mapping.LoadMapper mapData (LoadMapper.java:80) - Mapping for field CONNECTIONSENTID will be ignored since destination column is empty
2016-12-14 15:23:37,983 INFO  [standard] mapping.LoadMapper mapData (LoadMapper.java:80) - Mapping for field ISCUSTOMERPORTAL will be ignored since destination column is empty
2016-12-14 15:23:37,984 INFO  [standard] mapping.LoadMapper mapData (LoadMapper.java:80) - Mapping for field JIGSAWCOMPANYID will be ignored since destination column is empty
2016-12-14 15:23:37,984 INFO  [standard] mapping.LoadMapper mapData (LoadMapper.java:80) - Mapping for field PARENTID will be ignored since destination column is empty
2016-12-14 15:23:37,984 INFO  [standard] mapping.LoadMapper mapData (LoadMapper.java:80) - Mapping for field LASTACTIVITYDATE will be ignored since destination column is empty
2016-12-14 15:23:37,984 INFO  [standard] mapping.LoadMapper mapData (LoadMapper.java:80) - Mapping for field CONNECTIONRECEIVEDID will be ignored since destination column is empty
2016-12-14 15:23:37,990 INFO  [standard] mapping.LoadMapper mapData (LoadMapper.java:80) - Mapping for field NUMBEROFBILLTOADDRESS_TVCORE__C will be ignored since destination column is empty
2016-12-14 15:23:37,990 INFO  [standard] mapping.LoadMapper mapData (LoadMapper.java:80) - Mapping for field LASTREFERENCEDDATE will be ignored since destination column is empty
2016-12-14 15:23:37,990 INFO  [standard] mapping.LoadMapper mapData (LoadMapper.java:80) - Mapping for field SHIPPINGADDRESS will be ignored since destination column is empty
2016-12-14 15:23:37,990 INFO  [standard] mapping.LoadMapper mapData (LoadMapper.java:80) - Mapping for field SALESFORCECUSTOMER will be ignored since destination column is empty
2016-12-14 15:23:37,991 INFO  [standard] mapping.LoadMapper mapData (LoadMapper.java:80) - Mapping for field NUMBEROFTHEATRES_TVCORE__C will be ignored since destination column is empty
2016-12-14 15:23:37,991 INFO  [standard] mapping.LoadMapper mapData (LoadMapper.java:80) - Mapping for field SYSTEMMODSTAMP will be ignored since destination column is empty
2016-12-14 15:23:37,991 INFO  [standard] mapping.LoadMapper mapData (LoadMapper.java:80) - Mapping for field BUYINGBEHAVIOURDEPUYSYNTHESSTATUS_TVA__C will be ignored since destination column is empty
2016-12-14 15:23:37,991 INFO  [standard] mapping.LoadMapper mapData (LoadMapper.java:80) - Mapping for field ISDELETED will be ignored since destination column is empty
2016-12-14 15:23:37,991 INFO  [standard] mapping.LoadMapper mapData (LoadMapper.java:80) - Mapping for field LASTMODIFIEDDATE will be ignored since destination column is empty
2016-12-14 15:23:37,991 INFO  [standard] mapping.LoadMapper mapData (LoadMapper.java:80) - Mapping for field PHOTOURL will be ignored since destination column is empty
2016-12-14 15:23:37,991 INFO  [standard] mapping.LoadMapper mapData (LoadMapper.java:80) - Mapping for field PARENTACCOUNTNUMBER_TVA__C will be ignored since destination column is empty
2016-12-14 15:23:37,991 INFO  [standard] mapping.LoadMapper mapData (LoadMapper.java:80) - Mapping for field CREATEDDATE will be ignored since destination column is empty
2016-12-14 15:23:37,991 INFO  [standard] mapping.LoadMapper mapData (LoadMapper.java:80) - Mapping for field LASTMODIFIEDBYID will be ignored since destination column is empty
2016-12-14 15:23:37,991 INFO  [standard] mapping.LoadMapper mapData (LoadMapper.java:80) - Mapping for field SECONDARYRECALLCONTACT_TVA__R.ID will be ignored since destination column is empty
2016-12-14 15:23:37,991 INFO  [standard] mapping.LoadMapper mapData (LoadMapper.java:80) - Mapping for field NUMBEROFSHIPTOADDRESS_TVCORE__C will be ignored since destination column is empty
2016-12-14 15:23:37,992 INFO  [standard] mapping.LoadMapper mapData (LoadMapper.java:80) - Mapping for field CREATEDBYID will be ignored since destination column is empty
2016-12-14 15:23:37,992 INFO  [standard] mapping.LoadMapper mapData (LoadMapper.java:80) - Mapping for field NEGOTIATED_CONVERTED_CURRENCY_AMOUNT1__C will be ignored since destination column is empty
2016-12-14 15:23:37,992 INFO  [standard] mapping.LoadMapper mapData (LoadMapper.java:80) - Mapping for field PARENT.EXTERNALID_TVCORE__C will be ignored since destination column is empty
2016-12-14 15:23:37,992 INFO  [standard] mapping.LoadMapper mapData (LoadMapper.java:80) - Mapping for field BUYINGBEHAVIOURETHICON_TVA__C will be ignored since destination column is empty
2016-12-14 15:23:37,992 INFO  [standard] mapping.LoadMapper mapData (LoadMapper.java:80) - Mapping for field ANNUAL_REVENUE_CONVERTED_CURRENCYAMOUNT1__C will be ignored since destination column is empty
2016-12-14 15:23:37,992 INFO  [standard] mapping.LoadMapper mapData (LoadMapper.java:80) - Mapping for field NUMBEROFBOTHADDRESS_TVCORE__C will be ignored since destination column is empty
2016-12-14 15:23:37,992 INFO  [standard] mapping.LoadMapper mapData (LoadMapper.java:80) - Mapping for field DATASOURCENAME_TVCORE__C will be ignored since destination column is empty
2016-12-14 15:23:37,992 INFO  [standard] mapping.LoadMapper mapData (LoadMapper.java:80) - Mapping for field BUYINGBEHAVIOURCSSSTATUS_TVA__C will be ignored since destination column is empty
2016-12-14 15:23:37,992 INFO  [standard] mapping.LoadMapper mapData (LoadMapper.java:80) - Mapping for field BUYINGBEHAVIOURDEPUYSYNTHES_TVA__C will be ignored since destination column is empty
2016-12-14 15:23:37,992 INFO  [standard] mapping.LoadMapper mapData (LoadMapper.java:80) - Mapping for field PRIMARYRECALLCONTACT_TVA__R.ID will be ignored since destination column is empty
2016-12-14 15:23:37,992 INFO  [standard] mapping.LoadMapper mapData (LoadMapper.java:80) - Mapping for field BUYINGBEHAVIOURCSS_TVA__C will be ignored since destination column is empty
2016-12-14 15:23:37,992 INFO  [standard] mapping.LoadMapper mapData (LoadMapper.java:80) - Mapping for field LASTVIEWEDDATE will be ignored since destination column is empty
2016-12-14 15:23:37,992 INFO  [standard] mapping.LoadMapper mapData (LoadMapper.java:80) - Mapping for field DATASOURCEID_TVCORE__C will be ignored since destination column is empty
2016-12-14 15:23:37,993 INFO  [standard] mapping.LoadMapper mapData (LoadMapper.java:80) - Mapping for field BUYINGBEHAVIOURETHICONSTATUS_TVA__C will be ignored since destination column is empty
2016-12-14 15:23:37,993 INFO  [standard] mapping.LoadMapper mapData (LoadMapper.java:80) - Mapping for field MASTERRECORD.EXTERNALID_TVCORE__C will be ignored since destination column is empty
2016-12-14 15:23:37,993 INFO  [standard] mapping.LoadMapper mapData (LoadMapper.java:80) - Mapping for field BILLINGADDRESS will be ignored since destination column is empty
2016-12-14 15:23:37,993 INFO  [standard] mapping.LoadMapper mapData (LoadMapper.java:80) - Mapping for field OWNERBUSINESSUNIT_TVA__C will be ignored since destination column is empty
2016-12-14 15:23:37,993 INFO  [standard] mapping.LoadMapper mapData (LoadMapper.java:80) - Mapping for field MASTERRECORDID will be ignored since destination column is empty
2016-12-14 15:23:37,993 INFO  [standard] mapping.LoadMapper mapData (LoadMapper.java:80) - Mapping for field CONNECTIONSENTID will be ignored since destination column is empty
2016-12-14 15:23:37,993 INFO  [standard] mapping.LoadMapper mapData (LoadMapper.java:80) - Mapping for field ISCUSTOMERPORTAL will be ignored since destination column is empty
2016-12-14 15:23:37,993 INFO  [standard] mapping.LoadMapper mapData (LoadMapper.java:80) - Mapping for field JIGSAWCOMPANYID will be ignored since destination column is empty
2016-12-14 15:23:37,993 INFO  [standard] mapping.LoadMapper mapData (LoadMapper.java:80) - Mapping for field PARENTID will be ignored since destination column is empty
2016-12-14 15:23:37,993 INFO  [standard] mapping.LoadMapper mapData (LoadMapper.java:80) - Mapping for field LASTACTIVITYDATE will be ignored since destination column is empty
2016-12-14 15:23:37,993 INFO  [standard] mapping.LoadMapper mapData (LoadMapper.java:80) - Mapping for field CONNECTIONRECEIVEDID will be ignored since destination column is empty
2016-12-14 15:23:37,999 INFO  [standard] mapping.LoadMapper mapData (LoadMapper.java:80) - Mapping for field NUMBEROFBILLTOADDRESS_TVCORE__C will be ignored since destination column is empty
2016-12-14 15:23:37,999 INFO  [standard] mapping.LoadMapper mapData (LoadMapper.java:80) - Mapping for field LASTREFERENCEDDATE will be ignored since destination column is empty
2016-12-14 15:23:37,999 INFO  [standard] mapping.LoadMapper mapData (LoadMapper.java:80) - Mapping for field SHIPPINGADDRESS will be ignored since destination column is empty
2016-12-14 15:23:37,999 INFO  [standard] mapping.LoadMapper mapData (LoadMapper.java:80) - Mapping for field SALESFORCECUSTOMER will be ignored since destination column is empty
2016-12-14 15:23:37,999 INFO  [standard] mapping.LoadMapper mapData (LoadMapper.java:80) - Mapping for field NUMBEROFTHEATRES_TVCORE__C will be ignored since destination column is empty
2016-12-14 15:23:38,000 INFO  [standard] mapping.LoadMapper mapData (LoadMapper.java:80) - Mapping for field SYSTEMMODSTAMP will be ignored since destination column is empty
2016-12-14 15:23:38,000 INFO  [standard] mapping.LoadMapper mapData (LoadMapper.java:80) - Mapping for field BUYINGBEHAVIOURDEPUYSYNTHESSTATUS_TVA__C will be ignored since destination column is empty
2016-12-14 15:23:38,000 INFO  [standard] mapping.LoadMapper mapData (LoadMapper.java:80) - Mapping for field ISDELETED will be ignored since destination column is empty
2016-12-14 15:23:38,000 INFO  [standard] mapping.LoadMapper mapData (LoadMapper.java:80) - Mapping for field LASTMODIFIEDDATE will be ignored since destination column is empty
2016-12-14 15:23:38,000 INFO  [standard] mapping.LoadMapper mapData (LoadMapper.java:80) - Mapping for field PHOTOURL will be ignored since destination column is empty
2016-12-14 15:23:38,000 INFO  [standard] mapping.LoadMapper mapData (LoadMapper.java:80) - Mapping for field PARENTACCOUNTNUMBER_TVA__C will be ignored since destination column is empty
2016-12-14 15:23:38,000 INFO  [standard] mapping.LoadMapper mapData (LoadMapper.java:80) - Mapping for field CREATEDDATE will be ignored since destination column is empty
2016-12-14 15:23:38,000 INFO  [standard] mapping.LoadMapper mapData (LoadMapper.java:80) - Mapping for field LASTMODIFIEDBYID will be ignored since destination column is empty
2016-12-14 15:23:38,000 INFO  [standard] mapping.LoadMapper mapData (LoadMapper.java:80) - Mapping for field SECONDARYRECALLCONTACT_TVA__R.ID will be ignored since destination column is empty
2016-12-14 15:23:38,000 INFO  [standard] mapping.LoadMapper mapData (LoadMapper.java:80) - Mapping for field NUMBEROFSHIPTOADDRESS_TVCORE__C will be ignored since destination column is empty
2016-12-14 15:23:38,000 INFO  [standard] mapping.LoadMapper mapData (LoadMapper.java:80) - Mapping for field CREATEDBYID will be ignored since destination column is empty
2016-12-14 15:23:38,000 INFO  [standard] mapping.LoadMapper mapData (LoadMapper.java:80) - Mapping for field NEGOTIATED_CONVERTED_CURRENCY_AMOUNT1__C will be ignored since destination column is empty
2016-12-14 15:23:38,001 INFO  [standard] mapping.LoadMapper mapData (LoadMapper.java:80) - Mapping for field PARENT.EXTERNALID_TVCORE__C will be ignored since destination column is empty
2016-12-14 15:23:38,001 INFO  [standard] mapping.LoadMapper mapData (LoadMapper.java:80) - Mapping for field BUYINGBEHAVIOURETHICON_TVA__C will be ignored since destination column is empty
2016-12-14 15:23:38,001 INFO  [standard] mapping.LoadMapper mapData (LoadMapper.java:80) - Mapping for field ANNUAL_REVENUE_CONVERTED_CURRENCYAMOUNT1__C will be ignored since destination column is empty
2016-12-14 15:23:38,001 INFO  [standard] mapping.LoadMapper mapData (LoadMapper.java:80) - Mapping for field NUMBEROFBOTHADDRESS_TVCORE__C will be ignored since destination column is empty
2016-12-14 15:23:38,001 INFO  [standard] mapping.LoadMapper mapData (LoadMapper.java:80) - Mapping for field DATASOURCENAME_TVCORE__C will be ignored since destination column is empty
2016-12-14 15:23:38,001 INFO  [standard] mapping.LoadMapper mapData (LoadMapper.java:80) - Mapping for field BUYINGBEHAVIOURCSSSTATUS_TVA__C will be ignored since destination column is empty
2016-12-14 15:23:38,001 INFO  [standard] mapping.LoadMapper mapData (LoadMapper.java:80) - Mapping for field BUYINGBEHAVIOURDEPUYSYNTHES_TVA__C will be ignored since destination column is empty
2016-12-14 15:23:38,001 INFO  [standard] mapping.LoadMapper mapData (LoadMapper.java:80) - Mapping for field PRIMARYRECALLCONTACT_TVA__R.ID will be ignored since destination column is empty
2016-12-14 15:23:38,001 INFO  [standard] mapping.LoadMapper mapData (LoadMapper.java:80) - Mapping for field BUYINGBEHAVIOURCSS_TVA__C will be ignored since destination column is empty
2016-12-14 15:23:38,001 INFO  [standard] mapping.LoadMapper mapData (LoadMapper.java:80) - Mapping for field LASTVIEWEDDATE will be ignored since destination column is empty
2016-12-14 15:23:38,001 INFO  [standard] mapping.LoadMapper mapData (LoadMapper.java:80) - Mapping for field DATASOURCEID_TVCORE__C will be ignored since destination column is empty
2016-12-14 15:23:38,001 INFO  [standard] mapping.LoadMapper mapData (LoadMapper.java:80) - Mapping for field BUYINGBEHAVIOURETHICONSTATUS_TVA__C will be ignored since destination column is empty
2016-12-14 15:23:38,001 INFO  [standard] mapping.LoadMapper mapData (LoadMapper.java:80) - Mapping for field MASTERRECORD.EXTERNALID_TVCORE__C will be ignored since destination column is empty
2016-12-14 15:23:38,001 INFO  [standard] mapping.LoadMapper mapData (LoadMapper.java:80) - Mapping for field BILLINGADDRESS will be ignored since destination column is empty
2016-12-14 15:23:38,001 INFO  [standard] mapping.LoadMapper mapData (LoadMapper.java:80) - Mapping for field OWNERBUSINESSUNIT_TVA__C will be ignored since destination column is empty
2016-12-14 15:23:38,002 INFO  [standard] mapping.LoadMapper mapData (LoadMapper.java:80) - Mapping for field MASTERRECORDID will be ignored since destination column is empty
2016-12-14 15:23:38,002 INFO  [standard] mapping.LoadMapper mapData (LoadMapper.java:80) - Mapping for field CONNECTIONSENTID will be ignored since destination column is empty
2016-12-14 15:23:38,002 INFO  [standard] mapping.LoadMapper mapData (LoadMapper.java:80) - Mapping for field ISCUSTOMERPORTAL will be ignored since destination column is empty
2016-12-14 15:23:38,002 INFO  [standard] mapping.LoadMapper mapData (LoadMapper.java:80) - Mapping for field JIGSAWCOMPANYID will be ignored since destination column is empty
2016-12-14 15:23:38,002 INFO  [standard] mapping.LoadMapper mapData (LoadMapper.java:80) - Mapping for field PARENTID will be ignored since destination column is empty
2016-12-14 15:23:38,002 INFO  [standard] mapping.LoadMapper mapData (LoadMapper.java:80) - Mapping for field LASTACTIVITYDATE will be ignored since destination column is empty
2016-12-14 15:23:38,002 INFO  [standard] mapping.LoadMapper mapData (LoadMapper.java:80) - Mapping for field CONNECTIONRECEIVEDID will be ignored since destination column is empty
2016-12-14 15:23:42,443 INFO  [standard] progress.NihilistProgressAdapter setSubTask (NihilistProgressAdapter.java:78) - Processed 12.534 of 12.534 total records. Rate: 10.092.000 records per hour. Estimated time to complete: 0 minutes and 0 seconds.  There are 12.456 successes and 78 errors.
2016-12-14 15:23:42,455 INFO  [standard] progress.NihilistProgressAdapter doneSuccess (NihilistProgressAdapter.java:63) - The operation has fully completed.  There were 12456 successful inserts and 78 errors.
2016-12-14 15:23:49,303 INFO  [main] controller.Controller initLog (Controller.java:398) - The log has been initialized
2016-12-14 15:23:49,309 INFO  [main] process.ProcessConfig getBeanFactory (ProcessConfig.java:104) - Loading process configuration from config file: D:\dev\powerloader\dataloaderconfig\dlconfig-AccountContact.imp.4.Contacts.config-20161214_15.23.46.25\process-conf.xml
2016-12-14 15:23:49,480 INFO  [main] support.AbstractApplicationContext prepareRefresh (AbstractApplicationContext.java:495) - Refreshing org.springframework.context.support.FileSystemXmlApplicationContext@e7d9f1: startup date [Wed Dec 14 15:23:49 SGT 2016]; root of context hierarchy
2016-12-14 15:23:49,599 INFO  [main] xml.XmlBeanDefinitionReader loadBeanDefinitions (XmlBeanDefinitionReader.java:315) - Loading XML bean definitions from file [D:\dev\powerloader\dataloaderconfig\dlconfig-AccountContact.imp.4.Contacts.config-20161214_15.23.46.25\process-conf.xml]
2016-12-14 15:23:49,699 INFO  [main] support.DefaultListableBeanFactory preInstantiateSingletons (DefaultListableBeanFactory.java:557) - Pre-instantiating singletons in org.springframework.beans.factory.support.DefaultListableBeanFactory@1551a94: defining beans [standard]; root of factory hierarchy
2016-12-14 15:23:49,791 INFO  [standard] controller.Controller initConfig (Controller.java:334) - config dir created at D:\dev\powerloader\dataloaderconfig\dlconfig-AccountContact.imp.4.Contacts.config-20161214_15.23.46.25
2016-12-14 15:23:49,810 INFO  [standard] controller.Controller initConfig (Controller.java:362) - The controller config has been initialized
2016-12-14 15:23:49,813 INFO  [standard] process.ProcessRunner run (ProcessRunner.java:116) - Initializing process engine
2016-12-14 15:23:49,813 INFO  [standard] process.ProcessRunner run (ProcessRunner.java:119) - Loading parameters
2016-12-14 15:23:51,483 INFO  [standard] process.ProcessRunner run (ProcessRunner.java:127) - Logging in to: https://test.salesforce.com/services/Soap/u/37.0
2016-12-14 15:23:51,494 INFO  [standard] client.PartnerClient login (PartnerClient.java:479) - Beginning Partner Salesforce login ....
2016-12-14 15:23:51,543 INFO  [standard] client.PartnerClient loginInternal (PartnerClient.java:523) - Salesforce login to https://test.salesforce.com/services/Soap/u/37.0/services/Soap/u/38.0 as user kgalant@jnj.net.roleint
2016-12-14 15:23:52,937 INFO  [standard] dao.DataAccessObjectFactory getDaoInstance (DataAccessObjectFactory.java:51) - Instantiating data access object: ..\powerloaderdata\ProdAcctsContacts\Accounts.csv of type: csvRead
2016-12-14 15:23:52,939 INFO  [standard] process.ProcessRunner run (ProcessRunner.java:132) - Checking the data access object connection
2016-12-14 15:23:52,986 INFO  [standard] process.ProcessRunner run (ProcessRunner.java:137) - Setting field types
2016-12-14 15:23:54,478 INFO  [standard] process.ProcessRunner run (ProcessRunner.java:141) - Setting object reference types
